<?xml version="1.0" encoding="UTF-8"?>
<!-- Generated by org.testng.reporters.JUnitXMLReporter -->
<testsuite ignored="0" hostname="shailesh" failures="0" tests="1" name="Test-Runner-Firefox" time="68.996" errors="0" timestamp="2022-11-09T11:44:07 IST">
  <testcase classname="vTiger.ContactsTestNgTests.CreateContactTest" name="createOrg" time="33.212"/>
</testsuite> <!-- Test-Runner-Firefox -->
