<?xml version="1.0" encoding="UTF-8"?>
<!-- Generated by org.testng.reporters.JUnitXMLReporter -->
<testsuite ignored="0" hostname="shailesh" failures="0" tests="1" name="Test-Runner-Chrome" time="65.586" errors="0" timestamp="2022-11-09T11:44:03 IST">
  <testcase classname="vTiger.ContactsTestNgTests.CreateContactTest" name="createOrg" time="25.266"/>
</testsuite> <!-- Test-Runner-Chrome -->
