<?xml version="1.0" encoding="UTF-8"?>
<!-- Generated by org.testng.reporters.JUnitReportReporter -->
<testsuite hostname="shailesh" failures="0" tests="1" name="vTiger.Testng.CreateContactWithOrganizationTest" time="140.829" errors="0" timestamp="2022-11-08T10:59:49 IST" skipped="0">
  <testcase classname="vTiger.Testng.CreateContactWithOrganizationTest" name="createContactWithOrgTest" time="140.829"/>
  <system-out/>
</testsuite> <!-- vTiger.Testng.CreateContactWithOrganizationTest -->
