<?xml version="1.0" encoding="UTF-8"?>
<!-- Generated by org.testng.reporters.JUnitReportReporter -->
<testsuite hostname="shailesh" failures="0" tests="1" name="vTiger.ContactsTestNgTests.CreateContactWithOrganizationTest" time="60.688" errors="0" timestamp="2022-11-24T12:34:48 IST" skipped="0">
  <testcase classname="vTiger.ContactsTestNgTests.CreateContactWithOrganizationTest" name="createContactWithOrgTest" time="60.688"/>
  <system-out/>
</testsuite> <!-- vTiger.ContactsTestNgTests.CreateContactWithOrganizationTest -->
