<?xml version="1.0" encoding="UTF-8"?>
<!-- Generated by org.testng.reporters.JUnitReportReporter -->
<testsuite hostname="shailesh" failures="0" tests="1" name="vTiger.ContactsTestNgTests.CreateContactTest" time="89.455" errors="0" timestamp="2022-11-24T12:34:48 IST" skipped="0">
  <testcase classname="vTiger.ContactsTestNgTests.CreateContactTest" name="createContactTest" time="89.455"/>
  <system-out/>
</testsuite> <!-- vTiger.ContactsTestNgTests.CreateContactTest -->
