<?xml version="1.0" encoding="UTF-8"?>
<!-- Generated by org.testng.reporters.JUnitReportReporter -->
<testsuite hostname="shailesh" failures="0" tests="1" name="vTiger.ContactsTests.TestNg.CreateContactsTest" time="212.053" errors="0" timestamp="2022-11-02T10:57:55 IST" skipped="0">
  <testcase classname="vTiger.ContactsTests.TestNg.CreateContactsTest" name="createContactTest" time="212.053"/>
  <system-out/>
</testsuite> <!-- vTiger.ContactsTests.TestNg.CreateContactsTest -->
