<?xml version="1.0" encoding="UTF-8"?>
<!-- Generated by org.testng.reporters.JUnitReportReporter -->
<testsuite hostname="shailesh" failures="0" tests="1" name="vTiger.ContactsTestNgTests.CreateContactTest" time="15.213" errors="0" timestamp="2022-11-16T13:21:17 IST" skipped="0">
  <testcase classname="vTiger.ContactsTestNgTests.CreateContactTest" name="createContactTest" time="15.213"/>
  <system-out/>
</testsuite> <!-- vTiger.ContactsTestNgTests.CreateContactTest -->
