<?xml version="1.0" encoding="UTF-8"?>
<!-- Generated by org.testng.reporters.JUnitReportReporter -->
<testsuite hostname="shailesh" failures="0" tests="1" name="vTiger.Testng.CreateContactTest" time="26.091" errors="0" timestamp="2022-11-08T11:38:17 IST" skipped="0">
  <testcase classname="vTiger.Testng.CreateContactTest" name="createOrg" time="26.091"/>
  <system-out/>
</testsuite> <!-- vTiger.Testng.CreateContactTest -->
