<?xml version="1.0" encoding="UTF-8"?>
<!-- Generated by org.testng.reporters.JUnitReportReporter -->
<testsuite hostname="shailesh" failures="0" tests="5" name="vTiger.Practice.TestNG_Practice" time="0.015" errors="0" timestamp="2022-11-04T12:25:39 IST" skipped="0">
  <testcase classname="vTiger.Practice.TestNG_Practice" name="createCustomer" time="0.002"/>
  <system-out/>
  <testcase classname="vTiger.Practice.TestNG_Practice" name="createCustomer" time="0.009"/>
  <system-out/>
  <testcase classname="vTiger.Practice.TestNG_Practice" name="createCustomer" time="0.002"/>
  <system-out/>
  <testcase classname="vTiger.Practice.TestNG_Practice" name="modifyCustomer" time="0.001"/>
  <system-out/>
  <testcase classname="vTiger.Practice.TestNG_Practice" name="deleteCustomer" time="0.001"/>
  <system-out/>
</testsuite> <!-- vTiger.Practice.TestNG_Practice -->
